Configuration on demand is an incubating feature.
> Task :app:preBuild UP-TO-DATE
> Task :app:preDebugBuild UP-TO-DATE
> Task :app:mergeDebugNativeDebugMetadata NO-SOURCE
> Task :app:checkKotlinGradlePluginConfigurationErrors
> Task :app:generateDebugBuildConfig UP-TO-DATE
> Task :app:generateDebugResValues UP-TO-DATE
> Task :app:checkDebugAarMetadata
> Task :app:mapDebugSourceSetPaths
> Task :app:generateDebugResources UP-TO-DATE
> Task :app:packageDebugResources UP-TO-DATE
> Task :app:parseDebugLocalResources UP-TO-DATE
> Task :app:createDebugCompatibleScreenManifests UP-TO-DATE
> Task :app:extractDeepLinksDebug UP-TO-DATE

> Task :app:processDebugMainManifest
/home/ankit/Documents/Code/vs/mobile-app/kotlin/app/src/main/AndroidManifest.xml:18:9-42 Warning:
	android:extractNativeLibs should not be specified in this source AndroidManifest.xml file. See https://d.android.com/guide/topics/manifest/application-element#extractNativeLibs for more information.
The AGP Upgrade Assistant can remove the attribute from the AndroidManifest.xml file and update the build file accordingly. See https://d.android.com/studio/build/agp-upgrade-assistant for more information.

> Task :app:processDebugManifest
> Task :app:javaPreCompileDebug UP-TO-DATE
> Task :app:mergeDebugShaders UP-TO-DATE
> Task :app:compileDebugShaders NO-SOURCE
> Task :app:generateDebugAssets UP-TO-DATE
> Task :app:mergeDebugAssets UP-TO-DATE
> Task :app:processDebugManifestForPackage
> Task :app:compressDebugAssets UP-TO-DATE
> Task :app:desugarDebugFileDependencies UP-TO-DATE
> Task :app:mergeDebugJniLibFolders UP-TO-DATE
> Task :app:mergeDebugNativeLibs UP-TO-DATE
> Task :app:stripDebugDebugSymbols UP-TO-DATE
> Task :app:validateSigningDebug UP-TO-DATE
> Task :app:writeDebugAppMetadata UP-TO-DATE
> Task :app:mergeDebugResources
> Task :app:writeDebugSigningConfigVersions UP-TO-DATE
> Task :app:checkDebugDuplicateClasses
> Task :app:processDebugResources
> Task :app:mergeLibDexDebug UP-TO-DATE
> Task :app:mergeExtDexDebug
> Task :app:compileDebugKotlin
e: file:///home/ankit/Documents/Code/vs/mobile-app/kotlin/app/src/main/java/com/vidyaschool/app/ui/screens/PayFeesScreen.kt:41:1 Conflicting overloads: public fun PayFeesScreen(provider: String, email: String, name: String, avatarUrl: String, studentClass: String, themeMode: String, onThemeChange: (String) -> Unit, onLogout: () -> Unit): Unit defined in com.vidyaschool.app.ui.screens in file PayFeesScreen.kt, public fun PayFeesScreen(provider: String, email: String, name: String, avatarUrl: String, studentClass: String, themeMode: String, onThemeChange: (String) -> Unit, onLogout: () -> Unit): Unit defined in com.vidyaschool.app.ui.screens in file PayFeesScreenUpdated.kt
e: file:///home/ankit/Documents/Code/vs/mobile-app/kotlin/app/src/main/java/com/vidyaschool/app/ui/screens/PayFeesScreen.kt:553:92 Unresolved reference: RadioButtonUnchecked
e: file:///home/ankit/Documents/Code/vs/mobile-app/kotlin/app/src/main/java/com/vidyaschool/app/ui/screens/PayFeesScreen.kt:566:1 Conflicting overloads: public fun PaidInstallmentCard(installment: FeeInstallment): Unit defined in com.vidyaschool.app.ui.screens in file PayFeesScreen.kt, private fun PaidInstallmentCard(installment: FeeInstallment): Unit defined in com.vidyaschool.app.ui.screens in file PayFeesScreenUpdated.kt
e: file:///home/ankit/Documents/Code/vs/mobile-app/kotlin/app/src/main/java/com/vidyaschool/app/ui/screens/PayFeesScreen.kt:714:49 Unresolved reference: Payment
e: file:///home/ankit/Documents/Code/vs/mobile-app/kotlin/app/src/main/java/com/vidyaschool/app/ui/screens/PayFeesScreen.kt:739:26 Not enough information to infer type variable T
e: file:///home/ankit/Documents/Code/vs/mobile-app/kotlin/app/src/main/java/com/vidyaschool/app/ui/screens/PayFeesScreen.kt:740:42 Unresolved reference: CreditCard
e: file:///home/ankit/Documents/Code/vs/mobile-app/kotlin/app/src/main/java/com/vidyaschool/app/ui/screens/PayFeesScreen.kt:741:32 Unresolved reference: QrCode
e: file:///home/ankit/Documents/Code/vs/mobile-app/kotlin/app/src/main/java/com/vidyaschool/app/ui/screens/PayFeesScreen.kt:742:33 Unresolved reference: Money
e: file:///home/ankit/Documents/Code/vs/mobile-app/kotlin/app/src/main/java/com/vidyaschool/app/ui/screens/PayFeesScreen.kt:743:42 Unresolved reference: AccountBalance
e: file:///home/ankit/Documents/Code/vs/mobile-app/kotlin/app/src/main/java/com/vidyaschool/app/ui/screens/PayFeesScreen.kt:744:35 Unresolved reference: Receipt
e: file:///home/ankit/Documents/Code/vs/mobile-app/kotlin/app/src/main/java/com/vidyaschool/app/ui/screens/PayFeesScreen.kt:768:32 Overload resolution ambiguity: 
public inline fun <T> Iterable<TypeVariable(T)>.forEach(action: (TypeVariable(T)) -> Unit): Unit defined in kotlin.collections
public inline fun <K, V> Map<out TypeVariable(K), TypeVariable(V)>.forEach(action: (Map.Entry<TypeVariable(K), TypeVariable(V)>) -> Unit): Unit defined in kotlin.collections
e: file:///home/ankit/Documents/Code/vs/mobile-app/kotlin/app/src/main/java/com/vidyaschool/app/ui/screens/PayFeesScreen.kt:768:42 Cannot infer a type for this parameter. Please specify it explicitly.
e: file:///home/ankit/Documents/Code/vs/mobile-app/kotlin/app/src/main/java/com/vidyaschool/app/ui/screens/PayFeesScreen.kt:769:21 @Composable invocations can only happen from the context of a @Composable function
e: file:///home/ankit/Documents/Code/vs/mobile-app/kotlin/app/src/main/java/com/vidyaschool/app/ui/screens/PayFeesScreen.kt:773:47 @Composable invocations can only happen from the context of a @Composable function
e: file:///home/ankit/Documents/Code/vs/mobile-app/kotlin/app/src/main/java/com/vidyaschool/app/ui/screens/PayFeesScreen.kt:775:47 @Composable invocations can only happen from the context of a @Composable function
e: file:///home/ankit/Documents/Code/vs/mobile-app/kotlin/app/src/main/java/com/vidyaschool/app/ui/screens/PayFeesScreen.kt:777:47 @Composable invocations can only happen from the context of a @Composable function
e: file:///home/ankit/Documents/Code/vs/mobile-app/kotlin/app/src/main/java/com/vidyaschool/app/ui/screens/PayFeesScreen.kt:781:29 Unresolved reference: BorderStroke
e: file:///home/ankit/Documents/Code/vs/mobile-app/kotlin/app/src/main/java/com/vidyaschool/app/ui/screens/PayFeesScreen.kt:781:62 @Composable invocations can only happen from the context of a @Composable function
e: file:///home/ankit/Documents/Code/vs/mobile-app/kotlin/app/src/main/java/com/vidyaschool/app/ui/screens/PayFeesScreen.kt:801:29 Overload resolution ambiguity: 
public fun Text(text: AnnotatedString, modifier: Modifier = ..., color: Color = ..., fontSize: TextUnit = ..., fontStyle: FontStyle? = ..., fontWeight: FontWeight? = ..., fontFamily: FontFamily? = ..., letterSpacing: TextUnit = ..., textDecoration: TextDecoration? = ..., textAlign: TextAlign? = ..., lineHeight: TextUnit = ..., overflow: TextOverflow = ..., softWrap: Boolean = ..., maxLines: Int = ..., minLines: Int = ..., inlineContent: Map<String, InlineTextContent> = ..., onTextLayout: (TextLayoutResult) -> Unit = ..., style: TextStyle = ...): Unit defined in androidx.compose.material3
public fun Text(text: String, modifier: Modifier = ..., color: Color = ..., fontSize: TextUnit = ..., fontStyle: FontStyle? = ..., fontWeight: FontWeight? = ..., fontFamily: FontFamily? = ..., letterSpacing: TextUnit = ..., textDecoration: TextDecoration? = ..., textAlign: TextAlign? = ..., lineHeight: TextUnit = ..., overflow: TextOverflow = ..., softWrap: Boolean = ..., maxLines: Int = ..., minLines: Int = ..., onTextLayout: ((TextLayoutResult) -> Unit)? = ..., style: TextStyle = ...): Unit defined in androidx.compose.material3
e: file:///home/ankit/Documents/Code/vs/mobile-app/kotlin/app/src/main/java/com/vidyaschool/app/ui/screens/PayFeesScreen.kt:995:45 Unresolved reference: Error
e: file:///home/ankit/Documents/Code/vs/mobile-app/kotlin/app/src/main/java/com/vidyaschool/app/ui/screens/PayFeesScreen.kt:1034:41 Unresolved reference: Receipt
e: file:///home/ankit/Documents/Code/vs/mobile-app/kotlin/app/src/main/java/com/vidyaschool/app/ui/screens/PayFeesScreenUpdated.kt:43:1 Conflicting overloads: public fun PayFeesScreen(provider: String, email: String, name: String, avatarUrl: String, studentClass: String, themeMode: String, onThemeChange: (String) -> Unit, onLogout: () -> Unit): Unit defined in com.vidyaschool.app.ui.screens in file PayFeesScreen.kt, public fun PayFeesScreen(provider: String, email: String, name: String, avatarUrl: String, studentClass: String, themeMode: String, onThemeChange: (String) -> Unit, onLogout: () -> Unit): Unit defined in com.vidyaschool.app.ui.screens in file PayFeesScreenUpdated.kt
e: file:///home/ankit/Documents/Code/vs/mobile-app/kotlin/app/src/main/java/com/vidyaschool/app/ui/screens/PayFeesScreenUpdated.kt:203:61 Unresolved reference: AccountBalance
e: file:///home/ankit/Documents/Code/vs/mobile-app/kotlin/app/src/main/java/com/vidyaschool/app/ui/screens/PayFeesScreenUpdated.kt:230:65 Unresolved reference: Pending
e: file:///home/ankit/Documents/Code/vs/mobile-app/kotlin/app/src/main/java/com/vidyaschool/app/ui/screens/PayFeesScreenUpdated.kt:322:25 Overload resolution ambiguity: 
private fun PaidInstallmentCard(installment: FeeInstallment): Unit defined in com.vidyaschool.app.ui.screens in file PayFeesScreenUpdated.kt
public fun PaidInstallmentCard(installment: FeeInstallment): Unit defined in com.vidyaschool.app.ui.screens in file PayFeesScreen.kt
e: file:///home/ankit/Documents/Code/vs/mobile-app/kotlin/app/src/main/java/com/vidyaschool/app/ui/screens/PayFeesScreenUpdated.kt:426:69 Unresolved reference: Payment
e: file:///home/ankit/Documents/Code/vs/mobile-app/kotlin/app/src/main/java/com/vidyaschool/app/ui/screens/PayFeesScreenUpdated.kt:564:26 Unresolved reference: setPaymentResultListener
e: file:///home/ankit/Documents/Code/vs/mobile-app/kotlin/app/src/main/java/com/vidyaschool/app/ui/screens/PayFeesScreenUpdated.kt:590:13 Unresolved reference: BorderStroke
e: file:///home/ankit/Documents/Code/vs/mobile-app/kotlin/app/src/main/java/com/vidyaschool/app/ui/screens/PayFeesScreenUpdated.kt:638:1 Conflicting overloads: public fun PaidInstallmentCard(installment: FeeInstallment): Unit defined in com.vidyaschool.app.ui.screens in file PayFeesScreen.kt, private fun PaidInstallmentCard(installment: FeeInstallment): Unit defined in com.vidyaschool.app.ui.screens in file PayFeesScreenUpdated.kt
e: file:///home/ankit/Documents/Code/vs/mobile-app/kotlin/app/src/main/java/com/vidyaschool/app/ui/screens/StudentScreen.kt:1506:2 Expecting '}'
e: file:///home/ankit/Documents/Code/vs/mobile-app/kotlin/app/src/main/java/com/vidyaschool/app/ui/screens/StudentScreen.kt:56:28 Conflicting import, imported name 'R' is ambiguous
e: file:///home/ankit/Documents/Code/vs/mobile-app/kotlin/app/src/main/java/com/vidyaschool/app/ui/screens/StudentScreen.kt:60:28 Conflicting import, imported name 'R' is ambiguous
e: file:///home/ankit/Documents/Code/vs/mobile-app/kotlin/app/src/main/java/com/vidyaschool/app/ui/screens/StudentScreen.kt:183:21 Unresolved reference: LibraryHubScreen
e: file:///home/ankit/Documents/Code/vs/mobile-app/kotlin/app/src/main/java/com/vidyaschool/app/ui/screens/StudentScreen.kt:186:42 Cannot infer a type for this parameter. Please specify it explicitly.
e: file:///home/ankit/Documents/Code/vs/mobile-app/kotlin/app/src/main/java/com/vidyaschool/app/ui/screens/StudentScreen.kt:192:21 Overload resolution ambiguity: 
public fun PayFeesScreen(provider: String, email: String, name: String, avatarUrl: String, studentClass: String, themeMode: String, onThemeChange: (String) -> Unit, onLogout: () -> Unit): Unit defined in com.vidyaschool.app.ui.screens in file PayFeesScreen.kt
public fun PayFeesScreen(provider: String, email: String, name: String, avatarUrl: String, studentClass: String, themeMode: String, onThemeChange: (String) -> Unit, onLogout: () -> Unit): Unit defined in com.vidyaschool.app.ui.screens in file PayFeesScreenUpdated.kt
e: file:///home/ankit/Documents/Code/vs/mobile-app/kotlin/app/src/main/java/com/vidyaschool/app/ui/screens/StudentScreen.kt:383:41 Unresolved reference: QuickActionCard
e: file:///home/ankit/Documents/Code/vs/mobile-app/kotlin/app/src/main/java/com/vidyaschool/app/ui/screens/StudentScreen.kt:391:41 Unresolved reference: QuickActionCard
e: file:///home/ankit/Documents/Code/vs/mobile-app/kotlin/app/src/main/java/com/vidyaschool/app/ui/screens/StudentScreen.kt:459:49 Unresolved reference: AcademicPerformanceChart
e: file:///home/ankit/Documents/Code/vs/mobile-app/kotlin/app/src/main/java/com/vidyaschool/app/ui/screens/StudentScreen.kt:466:49 Unresolved reference: SubjectPerformanceBarChart
e: file:///home/ankit/Documents/Code/vs/mobile-app/kotlin/app/src/main/java/com/vidyaschool/app/ui/screens/StudentScreen.kt:473:49 Unresolved reference: AttendanceDonutChart
e: file:///home/ankit/Documents/Code/vs/mobile-app/kotlin/app/src/main/java/com/vidyaschool/app/ui/screens/StudentScreen.kt:567:38 Unresolved reference: negativeHorizontalPadding
e: file:///home/ankit/Documents/Code/vs/mobile-app/kotlin/app/src/main/java/com/vidyaschool/app/ui/screens/StudentScreen.kt:713:77 No value passed for parameter 'days'
e: file:///home/ankit/Documents/Code/vs/mobile-app/kotlin/app/src/main/java/com/vidyaschool/app/ui/screens/StudentScreen.kt:734:65 No value passed for parameter 'days'
e: file:///home/ankit/Documents/Code/vs/mobile-app/kotlin/app/src/main/java/com/vidyaschool/app/ui/screens/StudentScreen.kt:1146:46 Cannot find a parameter with this name: label
e: file:///home/ankit/Documents/Code/vs/mobile-app/kotlin/app/src/main/java/com/vidyaschool/app/ui/screens/StudentScreen.kt:1146:46 No value passed for parameter 'text'
e: file:///home/ankit/Documents/Code/vs/mobile-app/kotlin/app/src/main/java/com/vidyaschool/app/ui/screens/StudentScreen.kt:1147:45 Cannot find a parameter with this name: label
e: file:///home/ankit/Documents/Code/vs/mobile-app/kotlin/app/src/main/java/com/vidyaschool/app/ui/screens/StudentScreen.kt:1147:45 No value passed for parameter 'text'
e: file:///home/ankit/Documents/Code/vs/mobile-app/kotlin/app/src/main/java/com/vidyaschool/app/ui/screens/StudentScreen.kt:1148:44 Cannot find a parameter with this name: label
e: file:///home/ankit/Documents/Code/vs/mobile-app/kotlin/app/src/main/java/com/vidyaschool/app/ui/screens/StudentScreen.kt:1148:44 No value passed for parameter 'text'

> Task :app:compileDebugKotlin FAILED

FAILURE: Build failed with an exception.

* What went wrong:
Execution failed for task ':app:compileDebugKotlin'.
> A failure occurred while executing org.jetbrains.kotlin.compilerRunner.GradleCompilerRunnerWithWorkers$GradleKotlinCompilerWorkAction
   > Compilation error. See log for more details

* Try:
> Run with --stacktrace option to get the stack trace.
> Run with --info or --debug option to get more log output.
> Run with --scan to get full insights.
> Get more help at https://help.gradle.org.

BUILD FAILED in 1m 49s
29 actionable tasks: 11 executed, 18 up-to-date
